<?xml version="1.0" encoding="UTF-8"?>
<!-- Generated by org.testng.reporters.JUnitReportReporter -->
<testsuite skipped="0" hostname="DESKTOP-C5HHGRT" name="com.cra.QA.testcases.TestLogin" tests="3" failures="0" timestamp="2020-02-12T23:26:35 EST" time="49.078" errors="0">
  <testcase name="title" time="15.363" classname="com.cra.QA.testcases.TestLogin"/>
  <system-out/>
  <testcase name="image" time="17.037" classname="com.cra.QA.testcases.TestLogin"/>
  <system-out/>
  <testcase name="login" time="16.678" classname="com.cra.QA.testcases.TestLogin"/>
  <system-out/>
</testsuite> <!-- com.cra.QA.testcases.TestLogin -->
