<?xml version="1.0" encoding="UTF-8"?>
<!-- Generated by org.testng.reporters.JUnitReportReporter -->
<testsuite skipped="0" hostname="DESKTOP-C5HHGRT" name="com.cra.QA.testcases.HomePageTest" tests="3" failures="0" timestamp="2020-02-12T23:26:35 EST" time="51.800" errors="0">
  <testcase name="usercheck" time="17.230" classname="com.cra.QA.testcases.HomePageTest"/>
  <system-out/>
  <testcase name="contactspagetest" time="17.422" classname="com.cra.QA.testcases.HomePageTest"/>
  <system-out/>
  <testcase name="Dealspagetest" time="17.148" classname="com.cra.QA.testcases.HomePageTest"/>
  <system-out/>
</testsuite> <!-- com.cra.QA.testcases.HomePageTest -->
