<?xml version="1.0" encoding="UTF-8"?>
<!-- Generated by org.testng.reporters.JUnitReportReporter -->
<testsuite skipped="0" hostname="DESKTOP-C5HHGRT" name="com.cra.QA.testcases.DealTest" tests="4" failures="0" timestamp="2020-02-12T23:26:35 EST" time="81.688" errors="0">
  <testcase name="newdeal" time="19.382" classname="com.cra.QA.testcases.DealTest"/>
  <system-out/>
  <testcase name="newdeal" time="20.269" classname="com.cra.QA.testcases.DealTest"/>
  <system-out/>
  <testcase name="newdeal" time="21.398" classname="com.cra.QA.testcases.DealTest"/>
  <system-out/>
  <testcase name="newdeal" time="20.639" classname="com.cra.QA.testcases.DealTest"/>
  <system-out/>
</testsuite> <!-- com.cra.QA.testcases.DealTest -->
