<?xml version="1.0" encoding="UTF-8"?>
<!-- Generated by org.testng.reporters.JUnitReportReporter -->
<testsuite skipped="0" hostname="DESKTOP-C5HHGRT" name="com.cra.QA.testcases.ContactsTest" tests="4" failures="0" timestamp="2020-02-12T23:26:35 EST" time="90.126" errors="0">
  <testcase name="newcontact" time="27.203" classname="com.cra.QA.testcases.ContactsTest"/>
  <system-out/>
  <testcase name="newcontact" time="20.649" classname="com.cra.QA.testcases.ContactsTest"/>
  <system-out/>
  <testcase name="newcontact" time="21.172" classname="com.cra.QA.testcases.ContactsTest"/>
  <system-out/>
  <testcase name="newcontact" time="21.102" classname="com.cra.QA.testcases.ContactsTest"/>
  <system-out/>
</testsuite> <!-- com.cra.QA.testcases.ContactsTest -->
